<?xml version="1.0" encoding="UTF-8"?>
<!-- Generated by org.testng.reporters.JUnitReportReporter -->
<testsuite hostname="MSI" failures="0" tests="2" name="firstPackage.secondClass" time="0.009" errors="0" timestamp="2024-10-19T11:20:47 IST" skipped="0">
  <testcase classname="firstPackage.secondClass" name="secondTestMethod" time="0.001"/>
  <system-out/>
  <testcase classname="firstPackage.secondClass" name="firstMethod" time="0.008"/>
  <system-out/>
</testsuite> <!-- firstPackage.secondClass -->
