<?xml version="1.0" encoding="UTF-8"?>
<!-- Generated by org.testng.reporters.JUnitReportReporter -->
<testsuite hostname="MSI" failures="0" tests="2" name="secondPackage.secondClass" time="0.000" errors="0" timestamp="2024-10-19T11:15:22 IST" skipped="0">
  <testcase classname="secondPackage.secondClass" name="firstMethod" time="0.000"/>
  <system-out/>
  <testcase classname="secondPackage.secondClass" name="secondTestMethod" time="0.000"/>
  <system-out/>
</testsuite> <!-- secondPackage.secondClass -->
