<?xml version="1.0" encoding="UTF-8"?>
<!-- Generated by org.testng.reporters.JUnitReportReporter -->
<testsuite hostname="MSI" failures="0" tests="1" name="firstPackage.firstClass" time="0.006" errors="0" timestamp="2024-10-19T11:22:15 IST" skipped="0">
  <testcase classname="firstPackage.firstClass" name="firstMethod" time="0.006"/>
  <system-out/>
</testsuite> <!-- firstPackage.firstClass -->
