<?xml version="1.0" encoding="UTF-8"?>
<!-- Generated by org.testng.reporters.JUnitReportReporter -->
<testsuite hostname="MSI" failures="0" tests="1" name="secondPackage.firstClass" time="0.001" errors="0" timestamp="2024-10-19T11:22:15 IST" skipped="0">
  <testcase classname="secondPackage.firstClass" name="firstMethod" time="0.001"/>
  <system-out/>
</testsuite> <!-- secondPackage.firstClass -->
